Arguments: 
  C:\Program Files\nodejs\node.exe C:\Users\avota\AppData\Roaming\npm\node_modules\yarn\bin\yarn.js prodlight

PATH: 
  C:\Program Files\Git\mingw64\bin;C:\Program Files\Git\usr\bin;C:\Users\avota\bin;C:\Program Files\WindowsApps\Microsoft.WindowsTerminal_1.11.3471.0_x64__8wekyb3d8bbwe;C:\Windows\system32;C:\Windows;C:\Windows\System32\Wbem;C:\Windows\System32\WindowsPowerShell\v1.0;C:\Windows\System32\OpenSSH;C:\Program Files (x86)\NVIDIA Corporation\PhysX\Common;C:\Program Files\NVIDIA Corporation\NVIDIA NvDLISR;C:\Program Files\Git\cmd;C:\Program Files\nodejs;C:\Users\avota\AppData\Local\Microsoft\WindowsApps;C:\Users\avota\AppData\Roaming\npm;C:\Users\avota\AppData\Local\Programs\Microsoft VS Code\bin

Yarn version: 
  1.22.10

Node version: 
  12.22.1

Platform: 
  win32 x64

Trace: 
  SyntaxError: C:\Users\avota\ota-atem\package.json: Unexpected number in JSON at position 241
      at JSON.parse (<anonymous>)
      at C:\Users\avota\AppData\Roaming\npm\node_modules\yarn\lib\cli.js:1625:59
      at Generator.next (<anonymous>)
      at step (C:\Users\avota\AppData\Roaming\npm\node_modules\yarn\lib\cli.js:310:30)
      at C:\Users\avota\AppData\Roaming\npm\node_modules\yarn\lib\cli.js:321:13

npm manifest: 
  {
      "name": "ota-atem",
      "version": "1.0.0",
      "main": "index.js",
      "scripts": {
          "test": "echo \"Error: no test specified\" && exit 1",
          "prod": "cd backend && yarn prod",
  	"prodlight": "cd backend && yarn prodlight"1
      },
      "repository": {
          "type": "git",
          "url": "git+https://github.com/KaappoRaivio/ota-atem.git"
      },
      "keywords": [],
      "author": "Kaappo Raivio",
      "license": "MIT",
      "bugs": {
          "url": "https://github.com/KaappoRaivio/ota-atem/issues"
      },
      "homepage": "https://github.com/KaappoRaivio/ota-atem#readme",
      "dependencies": {
          "express": "^4.17.1",
          "prettier": "^2.2.1"
      },
      "devDependencies": {},
      "description": ""
  }

yarn manifest: 
  No manifest

Lockfile: 
  # THIS IS AN AUTOGENERATED FILE. DO NOT EDIT THIS FILE DIRECTLY.
  # yarn lockfile v1
  
  
  prettier@^2.2.1:
    version "2.2.1"
    resolved "https://registry.yarnpkg.com/prettier/-/prettier-2.2.1.tgz#795a1a78dd52f073da0cd42b21f9c91381923ff5"
    integrity sha512-PqyhM2yCjg/oKkFPtTGUojv7gnZAoG80ttl45O6x2Ug/rMJw4wcc9k6aaf2hibP7BGVCCM33gZoGjyvt9mm16Q==
